-------------------------------------------------------------------------------
Test set: br.com.carlosbonfatti.suite.TestSuite
-------------------------------------------------------------------------------
Tests run: 6, Failures: 0, Errors: 6, Skipped: 0, Time elapsed: 0.046 s <<< FAILURE! - in br.com.carlosbonfatti.suite.TestSuite
br.com.carlosbonfatti.suite.TestSuite.getSimulacoesTest  Time elapsed: 0.004 s  <<< ERROR!
java.net.ConnectException: Connection refused
	at br.com.carlosbonfatti.suite.TestSuite.getSimulacoesTest(TestSuite.java:30)

br.com.carlosbonfatti.suite.TestSuite.getRestricaoCpfTest  Time elapsed: 0.004 s  <<< ERROR!
java.net.ConnectException: Connection refused
	at br.com.carlosbonfatti.suite.TestSuite.getRestricaoCpfTest(TestSuite.java:20)

br.com.carlosbonfatti.suite.TestSuite.deleteSimulacaoTest  Time elapsed: 0.003 s  <<< ERROR!
java.net.ConnectException: Connection refused
	at br.com.carlosbonfatti.suite.TestSuite.deleteSimulacaoTest(TestSuite.java:35)

br.com.carlosbonfatti.suite.TestSuite.getRestricaoTest  Time elapsed: 0.003 s  <<< ERROR!
java.net.ConnectException: Connection refused
	at br.com.carlosbonfatti.suite.TestSuite.getRestricaoTest(TestSuite.java:25)

br.com.carlosbonfatti.suite.TestSuite.postSimulacaoTest  Time elapsed: 0.016 s  <<< ERROR!
java.net.ConnectException: Connection refused
	at br.com.carlosbonfatti.suite.TestSuite.postSimulacaoTest(TestSuite.java:10)

br.com.carlosbonfatti.suite.TestSuite.putSimulacoesCpfTest  Time elapsed: 0.013 s  <<< ERROR!
java.net.ConnectException: Connection refused
	at br.com.carlosbonfatti.suite.TestSuite.putSimulacoesCpfTest(TestSuite.java:15)

